<?xml version="1.0" encoding="UTF-8"?>
<!-- Generated by org.testng.reporters.JUnitReportReporter -->
<testsuite hostname="kristina-VirtualBox" name="com.nackademin.kristina_ostanback_assignment02.CalculatorTest" tests="12" failures="0" timestamp="24 Mar 2021 19:58:16 GMT" time="0.668" errors="0">
  <testcase name="testDivisionMinus" time="0.019" classname="com.nackademin.kristina_ostanback_assignment02.CalculatorTest"/>
  <testcase name="testMultiplicationMinus" time="0.042" classname="com.nackademin.kristina_ostanback_assignment02.CalculatorTest"/>
  <testcase name="testAdditionMinus" time="0.093" classname="com.nackademin.kristina_ostanback_assignment02.CalculatorTest"/>
  <testcase name="testMultiplicationZero" time="0.078" classname="com.nackademin.kristina_ostanback_assignment02.CalculatorTest"/>
  <testcase name="testDivision" time="0.085" classname="com.nackademin.kristina_ostanback_assignment02.CalculatorTest"/>
  <testcase name="testSubtractionZero" time="0.023" classname="com.nackademin.kristina_ostanback_assignment02.CalculatorTest"/>
  <testcase name="testSubtractionMinus" time="0.041" classname="com.nackademin.kristina_ostanback_assignment02.CalculatorTest"/>
  <testcase name="testAddition" time="0.085" classname="com.nackademin.kristina_ostanback_assignment02.CalculatorTest"/>
  <testcase name="testMultiplication" time="0.026" classname="com.nackademin.kristina_ostanback_assignment02.CalculatorTest"/>
  <testcase name="testSubtraction" time="0.051" classname="com.nackademin.kristina_ostanback_assignment02.CalculatorTest"/>
  <testcase name="testDivisionZero" time="0.049" classname="com.nackademin.kristina_ostanback_assignment02.CalculatorTest"/>
  <testcase name="testAdditionZero" time="0.076" classname="com.nackademin.kristina_ostanback_assignment02.CalculatorTest"/>
</testsuite> <!-- com.nackademin.kristina_ostanback_assignment02.CalculatorTest -->
