<?xml version="1.0" encoding="UTF-8"?>
<!-- Generated by org.testng.reporters.JUnitReportReporter -->
<testsuite hostname="kristina-VirtualBox" name="com.nackademin.kristina_ostanback_assignment02.CalculatorATest" tests="14" failures="0" timestamp="24 Mar 2021 19:58:16 GMT" time="0.823" errors="0">
  <testcase name="testExpZero" time="0.066" classname="com.nackademin.kristina_ostanback_assignment02.CalculatorATest"/>
  <testcase name="testExpMinus" time="0.070" classname="com.nackademin.kristina_ostanback_assignment02.CalculatorATest"/>
  <testcase name="absoluteValueMinus" time="0.022" classname="com.nackademin.kristina_ostanback_assignment02.CalculatorATest"/>
  <testcase name="absoluteValueZero" time="0.066" classname="com.nackademin.kristina_ostanback_assignment02.CalculatorATest"/>
  <testcase name="absoluteValue" time="0.023" classname="com.nackademin.kristina_ostanback_assignment02.CalculatorATest"/>
  <testcase name="testSqrtMinus" time="0.055" classname="com.nackademin.kristina_ostanback_assignment02.CalculatorATest"/>
  <testcase name="cubeZero" time="0.031" classname="com.nackademin.kristina_ostanback_assignment02.CalculatorATest"/>
  <testcase name="testSquareMinus" time="0.076" classname="com.nackademin.kristina_ostanback_assignment02.CalculatorATest"/>
  <testcase name="testSquare" time="0.067" classname="com.nackademin.kristina_ostanback_assignment02.CalculatorATest"/>
  <testcase name="testSqrtZero" time="0.047" classname="com.nackademin.kristina_ostanback_assignment02.CalculatorATest"/>
  <testcase name="testExp" time="0.154" classname="com.nackademin.kristina_ostanback_assignment02.CalculatorATest"/>
  <testcase name="cubeMinus" time="0.032" classname="com.nackademin.kristina_ostanback_assignment02.CalculatorATest"/>
  <testcase name="cube" time="0.064" classname="com.nackademin.kristina_ostanback_assignment02.CalculatorATest"/>
  <testcase name="testSqrt" time="0.050" classname="com.nackademin.kristina_ostanback_assignment02.CalculatorATest"/>
</testsuite> <!-- com.nackademin.kristina_ostanback_assignment02.CalculatorATest -->
